<?xml version="1.0" encoding="UTF-8"?>
<!-- Generated by org.testng.reporters.JUnitXMLReporter -->
<testsuite ignored="0" hostname="ATULISHWAR" failures="0" tests="20" name="Test" time="36.299" errors="0" timestamp="2023-09-11T17:45:31 IST">
  <testcase classname="api.testcases.UserTest" name="testCreateUser" time="3.659"/>
  <testcase classname="api.testcases.UserTest" name="testGetUserData" time="1.451"/>
  <testcase classname="api.testcases.UserTest" name="testUpdateUser" time="2.751"/>
  <testcase classname="api.testcases.UserTest" name="testDeleteUser" time="1.393"/>
  <testcase classname="api.testcases.UserTest2" name="testCreateUser" time="1.384"/>
  <testcase classname="api.testcases.UserTest2" name="testGetUserData" time="1.382"/>
  <testcase classname="api.testcases.UserTest2" name="testUpdateUser" time="2.805"/>
  <testcase classname="api.testcases.UserTest2" name="testDeleteUser" time="1.35"/>
  <testcase classname="api.testcases.UserTestDD" name="testCreateUser" time="1.401"/>
  <testcase classname="api.testcases.UserTestDD" name="testCreateUser" time="1.39"/>
  <testcase classname="api.testcases.UserTestDD" name="testCreateUser" time="1.454"/>
  <testcase classname="api.testcases.UserTestDD" name="testCreateUser" time="1.393"/>
  <testcase classname="api.testcases.UserTestDD" name="testGetUserData" time="1.344"/>
  <testcase classname="api.testcases.UserTestDD" name="testGetUserData" time="1.434"/>
  <testcase classname="api.testcases.UserTestDD" name="testGetUserData" time="1.374"/>
  <testcase classname="api.testcases.UserTestDD" name="testGetUserData" time="1.306"/>
  <testcase classname="api.testcases.UserTestDD" name="testDeleteUser" time="1.306"/>
  <testcase classname="api.testcases.UserTestDD" name="testDeleteUser" time="1.356"/>
  <testcase classname="api.testcases.UserTestDD" name="testDeleteUser" time="1.362"/>
  <testcase classname="api.testcases.UserTestDD" name="testDeleteUser" time="1.326"/>
</testsuite> <!-- Test -->
