<?xml version="1.0" encoding="UTF-8"?>
<testng-results ignored="0" total="20" passed="20" failed="0" skipped="0">
  <reporter-output>
  </reporter-output>
  <suite started-at="2023-09-11T17:44:54 IST" name="Suite" finished-at="2023-09-11T17:45:31 IST" duration-ms="36299">
    <groups>
    </groups>
    <test started-at="2023-09-11T17:44:54 IST" name="Test" finished-at="2023-09-11T17:45:31 IST" duration-ms="36299">
      <class name="api.testcases.UserTestDD">
        <test-method signature="testCreateUser(java.lang.String,java.lang.String,java.lang.String,java.lang.String,java.lang.String,java.lang.String,java.lang.String)[pri:1, instance:api.testcases.UserTestDD@18df8434]" started-at="2023-09-11T17:45:14 IST" name="testCreateUser" data-provider="AllData" finished-at="2023-09-11T17:45:15 IST" duration-ms="1401" status="PASS">
          <params>
            <param index="0">
              <value>
                <![CDATA[2020]]>
              </value>
            </param>
            <param index="1">
              <value>
                <![CDATA[user1]]>
              </value>
            </param>
            <param index="2">
              <value>
                <![CDATA[Rita]]>
              </value>
            </param>
            <param index="3">
              <value>
                <![CDATA[Gupta]]>
              </value>
            </param>
            <param index="4">
              <value>
                <![CDATA[a@gmail.com]]>
              </value>
            </param>
            <param index="5">
              <value>
                <![CDATA[test@1]]>
              </value>
            </param>
            <param index="6">
              <value>
                <![CDATA[1234567897]]>
              </value>
            </param>
          </params>
          <reporter-output>
          </reporter-output>
        </test-method> <!-- testCreateUser -->
        <test-method signature="testCreateUser(java.lang.String,java.lang.String,java.lang.String,java.lang.String,java.lang.String,java.lang.String,java.lang.String)[pri:1, instance:api.testcases.UserTestDD@18df8434]" started-at="2023-09-11T17:45:15 IST" name="testCreateUser" data-provider="AllData" finished-at="2023-09-11T17:45:17 IST" duration-ms="1390" status="PASS">
          <params>
            <param index="0">
              <value>
                <![CDATA[2021]]>
              </value>
            </param>
            <param index="1">
              <value>
                <![CDATA[user2]]>
              </value>
            </param>
            <param index="2">
              <value>
                <![CDATA[Radha]]>
              </value>
            </param>
            <param index="3">
              <value>
                <![CDATA[Jain]]>
              </value>
            </param>
            <param index="4">
              <value>
                <![CDATA[b@gmail.com]]>
              </value>
            </param>
            <param index="5">
              <value>
                <![CDATA[test@2]]>
              </value>
            </param>
            <param index="6">
              <value>
                <![CDATA[1234567897]]>
              </value>
            </param>
          </params>
          <reporter-output>
          </reporter-output>
        </test-method> <!-- testCreateUser -->
        <test-method signature="testCreateUser(java.lang.String,java.lang.String,java.lang.String,java.lang.String,java.lang.String,java.lang.String,java.lang.String)[pri:1, instance:api.testcases.UserTestDD@18df8434]" started-at="2023-09-11T17:45:17 IST" name="testCreateUser" data-provider="AllData" finished-at="2023-09-11T17:45:18 IST" duration-ms="1454" status="PASS">
          <params>
            <param index="0">
              <value>
                <![CDATA[2022]]>
              </value>
            </param>
            <param index="1">
              <value>
                <![CDATA[user3]]>
              </value>
            </param>
            <param index="2">
              <value>
                <![CDATA[Smita]]>
              </value>
            </param>
            <param index="3">
              <value>
                <![CDATA[Pathak]]>
              </value>
            </param>
            <param index="4">
              <value>
                <![CDATA[c@gmail.com]]>
              </value>
            </param>
            <param index="5">
              <value>
                <![CDATA[test@3]]>
              </value>
            </param>
            <param index="6">
              <value>
                <![CDATA[1234567897]]>
              </value>
            </param>
          </params>
          <reporter-output>
          </reporter-output>
        </test-method> <!-- testCreateUser -->
        <test-method signature="testCreateUser(java.lang.String,java.lang.String,java.lang.String,java.lang.String,java.lang.String,java.lang.String,java.lang.String)[pri:1, instance:api.testcases.UserTestDD@18df8434]" started-at="2023-09-11T17:45:18 IST" name="testCreateUser" data-provider="AllData" finished-at="2023-09-11T17:45:20 IST" duration-ms="1393" status="PASS">
          <params>
            <param index="0">
              <value>
                <![CDATA[2024]]>
              </value>
            </param>
            <param index="1">
              <value>
                <![CDATA[user4]]>
              </value>
            </param>
            <param index="2">
              <value>
                <![CDATA[Renu]]>
              </value>
            </param>
            <param index="3">
              <value>
                <![CDATA[Shah]]>
              </value>
            </param>
            <param index="4">
              <value>
                <![CDATA[renu@gmail.com]]>
              </value>
            </param>
            <param index="5">
              <value>
                <![CDATA[test@4]]>
              </value>
            </param>
            <param index="6">
              <value>
                <![CDATA[1234567897]]>
              </value>
            </param>
          </params>
          <reporter-output>
          </reporter-output>
        </test-method> <!-- testCreateUser -->
        <test-method signature="testGetUserData(java.lang.String)[pri:2, instance:api.testcases.UserTestDD@18df8434]" started-at="2023-09-11T17:45:20 IST" name="testGetUserData" data-provider="UserNamesData" finished-at="2023-09-11T17:45:21 IST" duration-ms="1344" status="PASS">
          <params>
            <param index="0">
              <value>
                <![CDATA[user1]]>
              </value>
            </param>
          </params>
          <reporter-output>
          </reporter-output>
        </test-method> <!-- testGetUserData -->
        <test-method signature="testGetUserData(java.lang.String)[pri:2, instance:api.testcases.UserTestDD@18df8434]" started-at="2023-09-11T17:45:21 IST" name="testGetUserData" data-provider="UserNamesData" finished-at="2023-09-11T17:45:23 IST" duration-ms="1434" status="PASS">
          <params>
            <param index="0">
              <value>
                <![CDATA[user2]]>
              </value>
            </param>
          </params>
          <reporter-output>
          </reporter-output>
        </test-method> <!-- testGetUserData -->
        <test-method signature="testGetUserData(java.lang.String)[pri:2, instance:api.testcases.UserTestDD@18df8434]" started-at="2023-09-11T17:45:23 IST" name="testGetUserData" data-provider="UserNamesData" finished-at="2023-09-11T17:45:24 IST" duration-ms="1374" status="PASS">
          <params>
            <param index="0">
              <value>
                <![CDATA[user3]]>
              </value>
            </param>
          </params>
          <reporter-output>
          </reporter-output>
        </test-method> <!-- testGetUserData -->
        <test-method signature="testGetUserData(java.lang.String)[pri:2, instance:api.testcases.UserTestDD@18df8434]" started-at="2023-09-11T17:45:24 IST" name="testGetUserData" data-provider="UserNamesData" finished-at="2023-09-11T17:45:25 IST" duration-ms="1306" status="PASS">
          <params>
            <param index="0">
              <value>
                <![CDATA[user4]]>
              </value>
            </param>
          </params>
          <reporter-output>
          </reporter-output>
        </test-method> <!-- testGetUserData -->
        <test-method signature="testDeleteUser(java.lang.String)[pri:3, instance:api.testcases.UserTestDD@18df8434]" started-at="2023-09-11T17:45:25 IST" name="testDeleteUser" data-provider="UserNamesData" finished-at="2023-09-11T17:45:27 IST" duration-ms="1306" status="PASS">
          <params>
            <param index="0">
              <value>
                <![CDATA[user1]]>
              </value>
            </param>
          </params>
          <reporter-output>
          </reporter-output>
        </test-method> <!-- testDeleteUser -->
        <test-method signature="testDeleteUser(java.lang.String)[pri:3, instance:api.testcases.UserTestDD@18df8434]" started-at="2023-09-11T17:45:27 IST" name="testDeleteUser" data-provider="UserNamesData" finished-at="2023-09-11T17:45:28 IST" duration-ms="1356" status="PASS">
          <params>
            <param index="0">
              <value>
                <![CDATA[user2]]>
              </value>
            </param>
          </params>
          <reporter-output>
          </reporter-output>
        </test-method> <!-- testDeleteUser -->
        <test-method signature="testDeleteUser(java.lang.String)[pri:3, instance:api.testcases.UserTestDD@18df8434]" started-at="2023-09-11T17:45:28 IST" name="testDeleteUser" data-provider="UserNamesData" finished-at="2023-09-11T17:45:29 IST" duration-ms="1362" status="PASS">
          <params>
            <param index="0">
              <value>
                <![CDATA[user3]]>
              </value>
            </param>
          </params>
          <reporter-output>
          </reporter-output>
        </test-method> <!-- testDeleteUser -->
        <test-method signature="testDeleteUser(java.lang.String)[pri:3, instance:api.testcases.UserTestDD@18df8434]" started-at="2023-09-11T17:45:29 IST" name="testDeleteUser" data-provider="UserNamesData" finished-at="2023-09-11T17:45:31 IST" duration-ms="1326" status="PASS">
          <params>
            <param index="0">
              <value>
                <![CDATA[user4]]>
              </value>
            </param>
          </params>
          <reporter-output>
          </reporter-output>
        </test-method> <!-- testDeleteUser -->
      </class> <!-- api.testcases.UserTestDD -->
      <class name="api.testcases.UserTest">
        <test-method is-config="true" signature="generateTestData()[pri:0, instance:api.testcases.UserTest@2e6a8155]" started-at="2023-09-11T17:44:55 IST" name="generateTestData" finished-at="2023-09-11T17:44:56 IST" duration-ms="873" status="PASS">
          <reporter-output>
          </reporter-output>
        </test-method> <!-- generateTestData -->
        <test-method signature="testCreateUser()[pri:1, instance:api.testcases.UserTest@2e6a8155]" started-at="2023-09-11T17:44:56 IST" name="testCreateUser" finished-at="2023-09-11T17:44:59 IST" duration-ms="3659" status="PASS">
          <reporter-output>
          </reporter-output>
        </test-method> <!-- testCreateUser -->
        <test-method signature="testGetUserData()[pri:2, instance:api.testcases.UserTest@2e6a8155]" started-at="2023-09-11T17:44:59 IST" name="testGetUserData" finished-at="2023-09-11T17:45:01 IST" duration-ms="1451" status="PASS">
          <reporter-output>
          </reporter-output>
        </test-method> <!-- testGetUserData -->
        <test-method signature="testUpdateUser()[pri:3, instance:api.testcases.UserTest@2e6a8155]" started-at="2023-09-11T17:45:01 IST" name="testUpdateUser" finished-at="2023-09-11T17:45:04 IST" duration-ms="2751" status="PASS">
          <reporter-output>
          </reporter-output>
        </test-method> <!-- testUpdateUser -->
        <test-method signature="testDeleteUser()[pri:4, instance:api.testcases.UserTest@2e6a8155]" started-at="2023-09-11T17:45:04 IST" name="testDeleteUser" finished-at="2023-09-11T17:45:05 IST" duration-ms="1393" status="PASS">
          <reporter-output>
          </reporter-output>
        </test-method> <!-- testDeleteUser -->
      </class> <!-- api.testcases.UserTest -->
      <class name="api.testcases.UserTest2">
        <test-method is-config="true" signature="generateTestData()[pri:0, instance:api.testcases.UserTest2@5677323c]" started-at="2023-09-11T17:45:05 IST" name="generateTestData" finished-at="2023-09-11T17:45:05 IST" duration-ms="49" status="PASS">
          <reporter-output>
          </reporter-output>
        </test-method> <!-- generateTestData -->
        <test-method signature="testCreateUser()[pri:1, instance:api.testcases.UserTest2@5677323c]" started-at="2023-09-11T17:45:05 IST" name="testCreateUser" finished-at="2023-09-11T17:45:06 IST" duration-ms="1384" status="PASS">
          <reporter-output>
          </reporter-output>
        </test-method> <!-- testCreateUser -->
        <test-method signature="testGetUserData()[pri:2, instance:api.testcases.UserTest2@5677323c]" started-at="2023-09-11T17:45:06 IST" name="testGetUserData" finished-at="2023-09-11T17:45:08 IST" duration-ms="1382" status="PASS">
          <reporter-output>
          </reporter-output>
        </test-method> <!-- testGetUserData -->
        <test-method signature="testUpdateUser()[pri:3, instance:api.testcases.UserTest2@5677323c]" started-at="2023-09-11T17:45:08 IST" name="testUpdateUser" finished-at="2023-09-11T17:45:11 IST" duration-ms="2805" status="PASS">
          <reporter-output>
          </reporter-output>
        </test-method> <!-- testUpdateUser -->
        <test-method signature="testDeleteUser()[pri:4, instance:api.testcases.UserTest2@5677323c]" started-at="2023-09-11T17:45:11 IST" name="testDeleteUser" finished-at="2023-09-11T17:45:12 IST" duration-ms="1350" status="PASS">
          <reporter-output>
          </reporter-output>
        </test-method> <!-- testDeleteUser -->
      </class> <!-- api.testcases.UserTest2 -->
    </test> <!-- Test -->
  </suite> <!-- Suite -->
</testng-results>
